Astro 7 Upgrade Audit — trust-lionel.com
Scanning files...
Found 75 files to scan
Running Check 1: Whitespace collapsing...
Running Check 2: Unclosed tags...
Running Check 3: Unterminated attributes...
Running Check 4: z.date() usage...
Running Check 5: src/fetch.ts conflict...
Report written to astro7-audit.txt
Total findings: 56
================================================================================
ASTRO 7 UPGRADE AUDIT — trust-lionel.com
Generated: 2026-07-02 13:42:05
================================================================================

TOTAL FINDINGS: 56

SUMMARY BY CHECK
----------------------------------------
  [54]  Whitespace collapsing
  [ 2]  z.date() should be z.coerce.date()

DETAILED FINDINGS
================================================================================

CHECK: Whitespace collapsing
  Link content on separate line from <a> opener
  Occurrences: 54
------------------------------------------------------------
  File:    src/components/base/FooterLink.astro
  Line:    13
  Snippet: <a {href} class={cn('transition text-muted-foreground/80  hover:text-zinc-900 dark:hover:text-white', className)} {...pr

  File:    src/components/base/HeaderLink.astro
  Line:    15
  Snippet: <a

  File:    src/components/base/Pagination.astro
  Line:    7
  Snippet: page: Page<any>

  File:    src/components/base/Pagination.astro
  Line:    29
  Snippet: <a

  File:    src/components/base/Pagination.astro
  Line:    45
  Snippet: <a

  File:    src/components/base/Pagination.astro
  Line:    60
  Snippet: <a

  File:    src/components/base/SocialLink.astro
  Line:    18
  Snippet: <a

  File:    src/components/posts/SocialShare.astro
  Line:    70
  Snippet: <a

  File:    src/components/posts/base/Badge.astro
  Line:    43
  Snippet: <a

  File:    src/components/posts/base/License.astro
  Line:    131
  Snippet: <a

  File:    src/components/posts/base/License.astro
  Line:    148
  Snippet: <a

  File:    src/components/posts/base/PostNavigation.astro
  Line:    16
  Snippet: <a href={`/posts/${next.id}`} class="group flex-1 relative">

  File:    src/components/posts/base/PostNavigation.astro
  Line:    32
  Snippet: <a href={`/posts/${prev.id}`} class="group flex-1 relative text-right">

  File:    src/components/posts/card/Compact.astro
  Line:    12
  Snippet: <article class="relative z-1 flex flex-col gap-2 transform transition-transform duration-300 group-hover:translate-x-4">

  File:    src/components/posts/card/Compact.astro
  Line:    31
  Snippet: <a href={`/posts/${post.id}`} class="block">

  File:    src/components/posts/card/Cover.astro
  Line:    13
  Snippet: <article class:list={['group relative flex flex-col justify-center bg-background', className]} {style}>

  File:    src/components/posts/card/Cover.astro
  Line:    33
  Snippet: <a href={`/posts/${post.id}`} class="group/title">

  File:    src/components/posts/card/Cover.astro
  Line:    44
  Snippet: <a

  File:    src/components/posts/card/ImageShow.astro
  Line:    21
  Snippet: <article class:list={[`group flex flex-col sm:flex-row gap-6 sm:gap-10 ${isReverse ? 'sm:flex-row-reverse' : ''}`, class

  File:    src/components/posts/card/ImageShow.astro
  Line:    23
  Snippet: <a href={`/posts/${post.id}`} class="block relative">

  File:    src/components/posts/card/ImageShow.astro
  Line:    41
  Snippet: <a

  File:    src/components/posts/card/ImageShow.astro
  Line:    67
  Snippet: <a href={`/posts/${post.id}`} class="group/title">

  File:    src/components/posts/card/ImageShow.astro
  Line:    79
  Snippet: <!-- <a

  File:    src/components/posts/card/Minimal.astro
  Line:    11
  Snippet: <article class:list={['group flex items-center justify-between py-3 border-b border-border/30 last:border-b-0', classNam

  File:    src/components/posts/card/TimeLine.astro
  Line:    13
  Snippet: <article class:list={['group relative pl-10 pr-4 sm:pr-32 md:pr-44', className]} {style}>

  File:    src/components/posts/card/TimeLine.astro
  Line:    57
  Snippet: <a href={`/posts/${post.id}`} class="block group/title">

  File:    src/components/posts/layouts/CoverSplit.astro
  Line:    18
  Snippet: <article class="relative">

  File:    src/components/posts/layouts/CoverTop.astro
  Line:    18
  Snippet: <article class="relative">

  File:    src/components/posts/layouts/MetaOnly.astro
  Line:    17
  Snippet: <article class="relative fade-up">

  File:    src/components/posts/toc/BackButton.astro
  Line:    21
  Snippet: <a

  File:    src/components/posts/toc/TableOfContents.astro
  Line:    55
  Snippet: <a

  File:    src/components/posts/toc/TocMobile.astro
  Line:    79
  Snippet: <a

  File:    src/layouts/Header.astro
  Line:    15
  Snippet: <a href="/" class="pointer-events-auto select-none" transition:persist>

  File:    src/layouts/Header.astro
  Line:    30
  Snippet: <a

  File:    src/layouts/Header.astro
  Line:    40
  Snippet: <a

  File:    src/pages/consulting/index.astro
  Line:    49
  Snippet: Enterprise infrastructure design and governance using the

  File:    src/pages/consulting/index.astro
  Line:    96
  Snippet: Creator and maintainer of the

  File:    src/pages/consulting/index.astro
  Line:    27
  Snippet: <a href="https://m365cloudpro.com/tco/" target="_blank" rel="noopener noreferrer"

  File:    src/pages/consulting/index.astro
  Line:    50
  Snippet: <a href="https://framework.4thandbailey.com" target="_blank" rel="noopener noreferrer"

  File:    src/pages/consulting/index.astro
  Line:    97
  Snippet: <a href="https://framework.4thandbailey.com" target="_blank" rel="noopener noreferrer"

  File:    src/pages/consulting/index.astro
  Line:    121
  Snippet: <a href="https://devops.houstonalert.com" target="_blank" rel="noopener noreferrer"

  File:    src/pages/consulting/index.astro
  Line:    139
  Snippet: <a href="https://4nb.cloud/lmosley" target="_blank" rel="noopener noreferrer"

  File:    src/pages/events/[...id].astro
  Line:    79
  Snippet: <a href="/events" class="inline-flex items-center gap-1.5 text-sm text-muted-foreground hover:text-foreground transition

  File:    src/pages/events/[...id].astro
  Line:    121
  Snippet: <a href={frontmatter.eventHostUrl} target="_blank" rel="noopener noreferrer" class="hover:text-foreground transition-col

  File:    src/pages/events/[...id].astro
  Line:    129
  Snippet: <a

  File:    src/pages/events/[...id].astro
  Line:    156
  Snippet: <a

  File:    src/pages/events/index.astro
  Line:    46
  Snippet: <a

  File:    src/pages/events/index.astro
  Line:    88
  Snippet: <a

  File:    src/pages/index.astro
  Line:    97
  Snippet: <article class="relative z-1 flex flex-col gap-2 transform transition-transform duration-300 group-hover:translate-x-4">

  File:    src/pages/projects/index.astro
  Line:    50
  Snippet: <a

  File:    src/pages/projects/index.astro
  Line:    83
  Snippet: <a

  File:    src/pages/projects/index.astro
  Line:    93
  Snippet: <a

  File:    src/pages/tags/[tag]/[...page].astro
  Line:    41
  Snippet: <a href="/tags" class="group flex items-center gap-2 hover:text-primary transition-colors">

  File:    src/pages/tags/index.astro
  Line:    49
  Snippet: <a


CHECK: z.date() should be z.coerce.date()
  YAML frontmatter parses dates as strings. z.date() silently empties the collection. Use z.coerce.date() instead.
  Occurrences: 2
------------------------------------------------------------
  File:    src/content.config.ts
  Line:    17
  Snippet: pubDate: z.date(),

  File:    src/content.config.ts
  Line:    19
  Snippet: updatedDate: z.date().optional(),


================================================================================
CHECKS PERFORMED
----------------------------------------
  1. Whitespace collapsing around inline <a> tags (.astro, .md, .mdx)
  2. Unclosed / non-self-closing HTML tags (.astro)
  3. Unterminated attributes (.astro, .md, .mdx)
  4. z.date() usage — should be z.coerce.date() (.ts, .tsx)
  5. src/fetch.ts conflict with Astro 7 request pipeline

FILES SCANNED
----------------------------------------
  .astro     48 files
  .md         6 files
  .mdx        4 files
  .ts        10 files
  .tsx        7 files
  TOTAL      75 files

================================================================================
RECOMMENDATION
----------------------------------------
  Resolve all findings before upgrading to Astro 7.
  Fix pattern for whitespace issues:
    Move inline <a> tags onto the same line as surrounding text.
    Example:
      BEFORE: ...nationwide through
              <a href="...">4TH AND BAILEY</a>.
      AFTER:  ...nationwide through <a href="...">4TH AND BAILEY</a>.

================================================================================